<?xml version="1.0" encoding="UTF-8"?>
<testsuite xmlns:xsi="http://www.w3.org/2001/XMLSchema-instance" xsi:noNamespaceSchemaLocation="https://maven.apache.org/surefire/maven-surefire-plugin/xsd/surefire-test-report.xsd" name="com.camille.seckill.SeckillDemoApplicationTests" time="24.511" tests="1" errors="0" skipped="0" failures="0">
  <properties>
    <property name="sun.desktop" value="windows"/>
    <property name="awt.toolkit" value="sun.awt.windows.WToolkit"/>
    <property name="file.encoding.pkg" value="sun.io"/>
    <property name="java.specification.version" value="1.8"/>
    <property name="sun.cpu.isalist" value="amd64"/>
    <property name="sun.jnu.encoding" value="GBK"/>
    <property name="java.class.path" value="D:\seckill-demo\target\test-classes;D:\seckill-demo\target\classes;D:\Spring\Maven\LocalRepository\org\springframework\boot\spring-boot-starter-thymeleaf\2.5.5\spring-boot-starter-thymeleaf-2.5.5.jar;D:\Spring\Maven\LocalRepository\org\springframework\boot\spring-boot-starter\2.5.5\spring-boot-starter-2.5.5.jar;D:\Spring\Maven\LocalRepository\org\springframework\boot\spring-boot\2.5.5\spring-boot-2.5.5.jar;D:\Spring\Maven\LocalRepository\org\springframework\boot\spring-boot-starter-logging\2.5.5\spring-boot-starter-logging-2.5.5.jar;D:\Spring\Maven\LocalRepository\ch\qos\logback\logback-classic\1.2.6\logback-classic-1.2.6.jar;D:\Spring\Maven\LocalRepository\ch\qos\logback\logback-core\1.2.6\logback-core-1.2.6.jar;D:\Spring\Maven\LocalRepository\org\apache\logging\log4j\log4j-to-slf4j\2.14.1\log4j-to-slf4j-2.14.1.jar;D:\Spring\Maven\LocalRepository\org\apache\logging\log4j\log4j-api\2.14.1\log4j-api-2.14.1.jar;D:\Spring\Maven\LocalRepository\org\slf4j\jul-to-slf4j\1.7.32\jul-to-slf4j-1.7.32.jar;D:\Spring\Maven\LocalRepository\jakarta\annotation\jakarta.annotation-api\1.3.5\jakarta.annotation-api-1.3.5.jar;D:\Spring\Maven\LocalRepository\org\yaml\snakeyaml\1.28\snakeyaml-1.28.jar;D:\Spring\Maven\LocalRepository\org\thymeleaf\thymeleaf-spring5\3.0.12.RELEASE\thymeleaf-spring5-3.0.12.RELEASE.jar;D:\Spring\Maven\LocalRepository\org\thymeleaf\thymeleaf\3.0.12.RELEASE\thymeleaf-3.0.12.RELEASE.jar;D:\Spring\Maven\LocalRepository\org\attoparser\attoparser\2.0.5.RELEASE\attoparser-2.0.5.RELEASE.jar;D:\Spring\Maven\LocalRepository\org\unbescape\unbescape\1.1.6.RELEASE\unbescape-1.1.6.RELEASE.jar;D:\Spring\Maven\LocalRepository\org\thymeleaf\extras\thymeleaf-extras-java8time\3.0.4.RELEASE\thymeleaf-extras-java8time-3.0.4.RELEASE.jar;D:\Spring\Maven\LocalRepository\org\springframework\boot\spring-boot-starter-web\2.5.5\spring-boot-starter-web-2.5.5.jar;D:\Spring\Maven\LocalRepository\org\springframework\boot\spring-boot-starter-json\2.5.5\spring-boot-starter-json-2.5.5.jar;D:\Spring\Maven\LocalRepository\com\fasterxml\jackson\core\jackson-databind\2.12.5\jackson-databind-2.12.5.jar;D:\Spring\Maven\LocalRepository\com\fasterxml\jackson\core\jackson-core\2.12.5\jackson-core-2.12.5.jar;D:\Spring\Maven\LocalRepository\com\fasterxml\jackson\datatype\jackson-datatype-jdk8\2.12.5\jackson-datatype-jdk8-2.12.5.jar;D:\Spring\Maven\LocalRepository\com\fasterxml\jackson\datatype\jackson-datatype-jsr310\2.12.5\jackson-datatype-jsr310-2.12.5.jar;D:\Spring\Maven\LocalRepository\com\fasterxml\jackson\module\jackson-module-parameter-names\2.12.5\jackson-module-parameter-names-2.12.5.jar;D:\Spring\Maven\LocalRepository\org\springframework\boot\spring-boot-starter-tomcat\2.5.5\spring-boot-starter-tomcat-2.5.5.jar;D:\Spring\Maven\LocalRepository\org\apache\tomcat\embed\tomcat-embed-core\9.0.53\tomcat-embed-core-9.0.53.jar;D:\Spring\Maven\LocalRepository\org\apache\tomcat\embed\tomcat-embed-websocket\9.0.53\tomcat-embed-websocket-9.0.53.jar;D:\Spring\Maven\LocalRepository\org\springframework\spring-web\5.3.10\spring-web-5.3.10.jar;D:\Spring\Maven\LocalRepository\org\springframework\spring-beans\5.3.10\spring-beans-5.3.10.jar;D:\Spring\Maven\LocalRepository\org\springframework\spring-webmvc\5.3.10\spring-webmvc-5.3.10.jar;D:\Spring\Maven\LocalRepository\org\springframework\spring-aop\5.3.10\spring-aop-5.3.10.jar;D:\Spring\Maven\LocalRepository\org\springframework\spring-context\5.3.10\spring-context-5.3.10.jar;D:\Spring\Maven\LocalRepository\org\springframework\spring-expression\5.3.10\spring-expression-5.3.10.jar;D:\Spring\Maven\LocalRepository\mysql\mysql-connector-java\8.0.26\mysql-connector-java-8.0.26.jar;D:\Spring\Maven\LocalRepository\org\projectlombok\lombok\1.18.20\lombok-1.18.20.jar;D:\Spring\Maven\LocalRepository\org\springframework\boot\spring-boot-starter-test\2.5.5\spring-boot-starter-test-2.5.5.jar;D:\Spring\Maven\LocalRepository\org\springframework\boot\spring-boot-test\2.5.5\spring-boot-test-2.5.5.jar;D:\Spring\Maven\LocalRepository\org\springframework\boot\spring-boot-test-autoconfigure\2.5.5\spring-boot-test-autoconfigure-2.5.5.jar;D:\Spring\Maven\LocalRepository\com\jayway\jsonpath\json-path\2.5.0\json-path-2.5.0.jar;D:\Spring\Maven\LocalRepository\net\minidev\json-smart\2.4.7\json-smart-2.4.7.jar;D:\Spring\Maven\LocalRepository\net\minidev\accessors-smart\2.4.7\accessors-smart-2.4.7.jar;D:\Spring\Maven\LocalRepository\org\ow2\asm\asm\9.1\asm-9.1.jar;D:\Spring\Maven\LocalRepository\jakarta\xml\bind\jakarta.xml.bind-api\2.3.3\jakarta.xml.bind-api-2.3.3.jar;D:\Spring\Maven\LocalRepository\jakarta\activation\jakarta.activation-api\1.2.2\jakarta.activation-api-1.2.2.jar;D:\Spring\Maven\LocalRepository\org\assertj\assertj-core\3.19.0\assertj-core-3.19.0.jar;D:\Spring\Maven\LocalRepository\org\hamcrest\hamcrest\2.2\hamcrest-2.2.jar;D:\Spring\Maven\LocalRepository\org\junit\jupiter\junit-jupiter\5.7.2\junit-jupiter-5.7.2.jar;D:\Spring\Maven\LocalRepository\org\junit\jupiter\junit-jupiter-api\5.7.2\junit-jupiter-api-5.7.2.jar;D:\Spring\Maven\LocalRepository\org\apiguardian\apiguardian-api\1.1.0\apiguardian-api-1.1.0.jar;D:\Spring\Maven\LocalRepository\org\opentest4j\opentest4j\1.2.0\opentest4j-1.2.0.jar;D:\Spring\Maven\LocalRepository\org\junit\platform\junit-platform-commons\1.7.2\junit-platform-commons-1.7.2.jar;D:\Spring\Maven\LocalRepository\org\junit\jupiter\junit-jupiter-params\5.7.2\junit-jupiter-params-5.7.2.jar;D:\Spring\Maven\LocalRepository\org\junit\jupiter\junit-jupiter-engine\5.7.2\junit-jupiter-engine-5.7.2.jar;D:\Spring\Maven\LocalRepository\org\junit\platform\junit-platform-engine\1.7.2\junit-platform-engine-1.7.2.jar;D:\Spring\Maven\LocalRepository\org\mockito\mockito-core\3.9.0\mockito-core-3.9.0.jar;D:\Spring\Maven\LocalRepository\net\bytebuddy\byte-buddy\1.10.22\byte-buddy-1.10.22.jar;D:\Spring\Maven\LocalRepository\net\bytebuddy\byte-buddy-agent\1.10.22\byte-buddy-agent-1.10.22.jar;D:\Spring\Maven\LocalRepository\org\objenesis\objenesis\3.2\objenesis-3.2.jar;D:\Spring\Maven\LocalRepository\org\mockito\mockito-junit-jupiter\3.9.0\mockito-junit-jupiter-3.9.0.jar;D:\Spring\Maven\LocalRepository\org\skyscreamer\jsonassert\1.5.0\jsonassert-1.5.0.jar;D:\Spring\Maven\LocalRepository\com\vaadin\external\google\android-json\0.0.20131108.vaadin1\android-json-0.0.20131108.vaadin1.jar;D:\Spring\Maven\LocalRepository\org\springframework\spring-core\5.3.10\spring-core-5.3.10.jar;D:\Spring\Maven\LocalRepository\org\springframework\spring-jcl\5.3.10\spring-jcl-5.3.10.jar;D:\Spring\Maven\LocalRepository\org\springframework\spring-test\5.3.10\spring-test-5.3.10.jar;D:\Spring\Maven\LocalRepository\org\xmlunit\xmlunit-core\2.8.2\xmlunit-core-2.8.2.jar;D:\Spring\Maven\LocalRepository\com\baomidou\mybatis-plus-boot-starter\3.3.1\mybatis-plus-boot-starter-3.3.1.jar;D:\Spring\Maven\LocalRepository\com\baomidou\mybatis-plus\3.3.1\mybatis-plus-3.3.1.jar;D:\Spring\Maven\LocalRepository\org\springframework\boot\spring-boot-autoconfigure\2.5.5\spring-boot-autoconfigure-2.5.5.jar;D:\Spring\Maven\LocalRepository\org\springframework\boot\spring-boot-starter-jdbc\2.5.5\spring-boot-starter-jdbc-2.5.5.jar;D:\Spring\Maven\LocalRepository\com\zaxxer\HikariCP\4.0.3\HikariCP-4.0.3.jar;D:\Spring\Maven\LocalRepository\org\springframework\spring-jdbc\5.3.10\spring-jdbc-5.3.10.jar;D:\Spring\Maven\LocalRepository\com\baomidou\mybatis-plus-generator\3.3.1\mybatis-plus-generator-3.3.1.jar;D:\Spring\Maven\LocalRepository\com\baomidou\mybatis-plus-extension\3.3.1\mybatis-plus-extension-3.3.1.jar;D:\Spring\Maven\LocalRepository\com\baomidou\mybatis-plus-core\3.3.1\mybatis-plus-core-3.3.1.jar;D:\Spring\Maven\LocalRepository\com\baomidou\mybatis-plus-annotation\3.3.1\mybatis-plus-annotation-3.3.1.jar;D:\Spring\Maven\LocalRepository\com\github\jsqlparser\jsqlparser\3.1\jsqlparser-3.1.jar;D:\Spring\Maven\LocalRepository\org\mybatis\mybatis\3.5.3\mybatis-3.5.3.jar;D:\Spring\Maven\LocalRepository\org\mybatis\mybatis-spring\2.0.3\mybatis-spring-2.0.3.jar;D:\Spring\Maven\LocalRepository\org\apache\velocity\velocity-engine-core\2.0\velocity-engine-core-2.0.jar;D:\Spring\Maven\LocalRepository\org\slf4j\slf4j-api\1.7.32\slf4j-api-1.7.32.jar;D:\Spring\Maven\LocalRepository\commons-codec\commons-codec\1.15\commons-codec-1.15.jar;D:\Spring\Maven\LocalRepository\org\apache\commons\commons-lang3\3.10\commons-lang3-3.10.jar;D:\Spring\Maven\LocalRepository\org\springframework\boot\spring-boot-starter-validation\2.5.5\spring-boot-starter-validation-2.5.5.jar;D:\Spring\Maven\LocalRepository\org\apache\tomcat\embed\tomcat-embed-el\9.0.53\tomcat-embed-el-9.0.53.jar;D:\Spring\Maven\LocalRepository\org\hibernate\validator\hibernate-validator\6.2.0.Final\hibernate-validator-6.2.0.Final.jar;D:\Spring\Maven\LocalRepository\jakarta\validation\jakarta.validation-api\2.0.2\jakarta.validation-api-2.0.2.jar;D:\Spring\Maven\LocalRepository\org\jboss\logging\jboss-logging\3.4.2.Final\jboss-logging-3.4.2.Final.jar;D:\Spring\Maven\LocalRepository\org\springframework\boot\spring-boot-starter-data-redis\2.5.5\spring-boot-starter-data-redis-2.5.5.jar;D:\Spring\Maven\LocalRepository\org\springframework\data\spring-data-redis\2.5.5\spring-data-redis-2.5.5.jar;D:\Spring\Maven\LocalRepository\org\springframework\data\spring-data-keyvalue\2.5.5\spring-data-keyvalue-2.5.5.jar;D:\Spring\Maven\LocalRepository\org\springframework\data\spring-data-commons\2.5.5\spring-data-commons-2.5.5.jar;D:\Spring\Maven\LocalRepository\org\springframework\spring-tx\5.3.10\spring-tx-5.3.10.jar;D:\Spring\Maven\LocalRepository\org\springframework\spring-oxm\5.3.10\spring-oxm-5.3.10.jar;D:\Spring\Maven\LocalRepository\org\springframework\spring-context-support\5.3.10\spring-context-support-5.3.10.jar;D:\Spring\Maven\LocalRepository\io\lettuce\lettuce-core\6.1.5.RELEASE\lettuce-core-6.1.5.RELEASE.jar;D:\Spring\Maven\LocalRepository\io\netty\netty-common\4.1.68.Final\netty-common-4.1.68.Final.jar;D:\Spring\Maven\LocalRepository\io\netty\netty-handler\4.1.68.Final\netty-handler-4.1.68.Final.jar;D:\Spring\Maven\LocalRepository\io\netty\netty-resolver\4.1.68.Final\netty-resolver-4.1.68.Final.jar;D:\Spring\Maven\LocalRepository\io\netty\netty-buffer\4.1.68.Final\netty-buffer-4.1.68.Final.jar;D:\Spring\Maven\LocalRepository\io\netty\netty-codec\4.1.68.Final\netty-codec-4.1.68.Final.jar;D:\Spring\Maven\LocalRepository\io\netty\netty-transport\4.1.68.Final\netty-transport-4.1.68.Final.jar;D:\Spring\Maven\LocalRepository\io\projectreactor\reactor-core\3.4.10\reactor-core-3.4.10.jar;D:\Spring\Maven\LocalRepository\org\reactivestreams\reactive-streams\1.0.3\reactive-streams-1.0.3.jar;D:\Spring\Maven\LocalRepository\org\apache\commons\commons-pool2\2.9.0\commons-pool2-2.9.0.jar;D:\Spring\Maven\LocalRepository\io\springfox\springfox-swagger2\2.7.0\springfox-swagger2-2.7.0.jar;D:\Spring\Maven\LocalRepository\io\swagger\swagger-annotations\1.5.13\swagger-annotations-1.5.13.jar;D:\Spring\Maven\LocalRepository\io\swagger\swagger-models\1.5.13\swagger-models-1.5.13.jar;D:\Spring\Maven\LocalRepository\com\fasterxml\jackson\core\jackson-annotations\2.12.5\jackson-annotations-2.12.5.jar;D:\Spring\Maven\LocalRepository\io\springfox\springfox-spi\2.7.0\springfox-spi-2.7.0.jar;D:\Spring\Maven\LocalRepository\io\springfox\springfox-core\2.7.0\springfox-core-2.7.0.jar;D:\Spring\Maven\LocalRepository\io\springfox\springfox-schema\2.7.0\springfox-schema-2.7.0.jar;D:\Spring\Maven\LocalRepository\io\springfox\springfox-swagger-common\2.7.0\springfox-swagger-common-2.7.0.jar;D:\Spring\Maven\LocalRepository\io\springfox\springfox-spring-web\2.7.0\springfox-spring-web-2.7.0.jar;D:\Spring\Maven\LocalRepository\org\reflections\reflections\0.9.11\reflections-0.9.11.jar;D:\Spring\Maven\LocalRepository\org\javassist\javassist\3.21.0-GA\javassist-3.21.0-GA.jar;D:\Spring\Maven\LocalRepository\com\google\guava\guava\18.0\guava-18.0.jar;D:\Spring\Maven\LocalRepository\com\fasterxml\classmate\1.5.1\classmate-1.5.1.jar;D:\Spring\Maven\LocalRepository\org\springframework\plugin\spring-plugin-core\1.2.0.RELEASE\spring-plugin-core-1.2.0.RELEASE.jar;D:\Spring\Maven\LocalRepository\org\springframework\plugin\spring-plugin-metadata\1.2.0.RELEASE\spring-plugin-metadata-1.2.0.RELEASE.jar;D:\Spring\Maven\LocalRepository\org\mapstruct\mapstruct\1.1.0.Final\mapstruct-1.1.0.Final.jar;D:\Spring\Maven\LocalRepository\io\springfox\springfox-swagger-ui\2.7.0\springfox-swagger-ui-2.7.0.jar;"/>
    <property name="java.vm.vendor" value="Oracle Corporation"/>
    <property name="sun.arch.data.model" value="64"/>
    <property name="user.variant" value=""/>
    <property name="java.vendor.url" value="http://java.oracle.com/"/>
    <property name="user.timezone" value="GMT+08:00"/>
    <property name="java.vm.specification.version" value="1.8"/>
    <property name="os.name" value="Windows 10"/>
    <property name="user.country" value="CN"/>
    <property name="sun.java.launcher" value="SUN_STANDARD"/>
    <property name="sun.boot.library.path" value="C:\Program Files\Java\jdk1.8.0_201\jre\bin"/>
    <property name="sun.java.command" value="C:\Users\MR34D0~1.ZHA\AppData\Local\Temp\surefire4552769544430053314\surefirebooter1409222775600404342.jar C:\Users\Mr.Zhang\AppData\Local\Temp\surefire4552769544430053314 2021-10-12T19-01-35_329-jvmRun1 surefire2369830286659152085tmp surefire_08912361190859779959tmp"/>
    <property name="surefire.test.class.path" value="D:\seckill-demo\target\test-classes;D:\seckill-demo\target\classes;D:\Spring\Maven\LocalRepository\org\springframework\boot\spring-boot-starter-thymeleaf\2.5.5\spring-boot-starter-thymeleaf-2.5.5.jar;D:\Spring\Maven\LocalRepository\org\springframework\boot\spring-boot-starter\2.5.5\spring-boot-starter-2.5.5.jar;D:\Spring\Maven\LocalRepository\org\springframework\boot\spring-boot\2.5.5\spring-boot-2.5.5.jar;D:\Spring\Maven\LocalRepository\org\springframework\boot\spring-boot-starter-logging\2.5.5\spring-boot-starter-logging-2.5.5.jar;D:\Spring\Maven\LocalRepository\ch\qos\logback\logback-classic\1.2.6\logback-classic-1.2.6.jar;D:\Spring\Maven\LocalRepository\ch\qos\logback\logback-core\1.2.6\logback-core-1.2.6.jar;D:\Spring\Maven\LocalRepository\org\apache\logging\log4j\log4j-to-slf4j\2.14.1\log4j-to-slf4j-2.14.1.jar;D:\Spring\Maven\LocalRepository\org\apache\logging\log4j\log4j-api\2.14.1\log4j-api-2.14.1.jar;D:\Spring\Maven\LocalRepository\org\slf4j\jul-to-slf4j\1.7.32\jul-to-slf4j-1.7.32.jar;D:\Spring\Maven\LocalRepository\jakarta\annotation\jakarta.annotation-api\1.3.5\jakarta.annotation-api-1.3.5.jar;D:\Spring\Maven\LocalRepository\org\yaml\snakeyaml\1.28\snakeyaml-1.28.jar;D:\Spring\Maven\LocalRepository\org\thymeleaf\thymeleaf-spring5\3.0.12.RELEASE\thymeleaf-spring5-3.0.12.RELEASE.jar;D:\Spring\Maven\LocalRepository\org\thymeleaf\thymeleaf\3.0.12.RELEASE\thymeleaf-3.0.12.RELEASE.jar;D:\Spring\Maven\LocalRepository\org\attoparser\attoparser\2.0.5.RELEASE\attoparser-2.0.5.RELEASE.jar;D:\Spring\Maven\LocalRepository\org\unbescape\unbescape\1.1.6.RELEASE\unbescape-1.1.6.RELEASE.jar;D:\Spring\Maven\LocalRepository\org\thymeleaf\extras\thymeleaf-extras-java8time\3.0.4.RELEASE\thymeleaf-extras-java8time-3.0.4.RELEASE.jar;D:\Spring\Maven\LocalRepository\org\springframework\boot\spring-boot-starter-web\2.5.5\spring-boot-starter-web-2.5.5.jar;D:\Spring\Maven\LocalRepository\org\springframework\boot\spring-boot-starter-json\2.5.5\spring-boot-starter-json-2.5.5.jar;D:\Spring\Maven\LocalRepository\com\fasterxml\jackson\core\jackson-databind\2.12.5\jackson-databind-2.12.5.jar;D:\Spring\Maven\LocalRepository\com\fasterxml\jackson\core\jackson-core\2.12.5\jackson-core-2.12.5.jar;D:\Spring\Maven\LocalRepository\com\fasterxml\jackson\datatype\jackson-datatype-jdk8\2.12.5\jackson-datatype-jdk8-2.12.5.jar;D:\Spring\Maven\LocalRepository\com\fasterxml\jackson\datatype\jackson-datatype-jsr310\2.12.5\jackson-datatype-jsr310-2.12.5.jar;D:\Spring\Maven\LocalRepository\com\fasterxml\jackson\module\jackson-module-parameter-names\2.12.5\jackson-module-parameter-names-2.12.5.jar;D:\Spring\Maven\LocalRepository\org\springframework\boot\spring-boot-starter-tomcat\2.5.5\spring-boot-starter-tomcat-2.5.5.jar;D:\Spring\Maven\LocalRepository\org\apache\tomcat\embed\tomcat-embed-core\9.0.53\tomcat-embed-core-9.0.53.jar;D:\Spring\Maven\LocalRepository\org\apache\tomcat\embed\tomcat-embed-websocket\9.0.53\tomcat-embed-websocket-9.0.53.jar;D:\Spring\Maven\LocalRepository\org\springframework\spring-web\5.3.10\spring-web-5.3.10.jar;D:\Spring\Maven\LocalRepository\org\springframework\spring-beans\5.3.10\spring-beans-5.3.10.jar;D:\Spring\Maven\LocalRepository\org\springframework\spring-webmvc\5.3.10\spring-webmvc-5.3.10.jar;D:\Spring\Maven\LocalRepository\org\springframework\spring-aop\5.3.10\spring-aop-5.3.10.jar;D:\Spring\Maven\LocalRepository\org\springframework\spring-context\5.3.10\spring-context-5.3.10.jar;D:\Spring\Maven\LocalRepository\org\springframework\spring-expression\5.3.10\spring-expression-5.3.10.jar;D:\Spring\Maven\LocalRepository\mysql\mysql-connector-java\8.0.26\mysql-connector-java-8.0.26.jar;D:\Spring\Maven\LocalRepository\org\projectlombok\lombok\1.18.20\lombok-1.18.20.jar;D:\Spring\Maven\LocalRepository\org\springframework\boot\spring-boot-starter-test\2.5.5\spring-boot-starter-test-2.5.5.jar;D:\Spring\Maven\LocalRepository\org\springframework\boot\spring-boot-test\2.5.5\spring-boot-test-2.5.5.jar;D:\Spring\Maven\LocalRepository\org\springframework\boot\spring-boot-test-autoconfigure\2.5.5\spring-boot-test-autoconfigure-2.5.5.jar;D:\Spring\Maven\LocalRepository\com\jayway\jsonpath\json-path\2.5.0\json-path-2.5.0.jar;D:\Spring\Maven\LocalRepository\net\minidev\json-smart\2.4.7\json-smart-2.4.7.jar;D:\Spring\Maven\LocalRepository\net\minidev\accessors-smart\2.4.7\accessors-smart-2.4.7.jar;D:\Spring\Maven\LocalRepository\org\ow2\asm\asm\9.1\asm-9.1.jar;D:\Spring\Maven\LocalRepository\jakarta\xml\bind\jakarta.xml.bind-api\2.3.3\jakarta.xml.bind-api-2.3.3.jar;D:\Spring\Maven\LocalRepository\jakarta\activation\jakarta.activation-api\1.2.2\jakarta.activation-api-1.2.2.jar;D:\Spring\Maven\LocalRepository\org\assertj\assertj-core\3.19.0\assertj-core-3.19.0.jar;D:\Spring\Maven\LocalRepository\org\hamcrest\hamcrest\2.2\hamcrest-2.2.jar;D:\Spring\Maven\LocalRepository\org\junit\jupiter\junit-jupiter\5.7.2\junit-jupiter-5.7.2.jar;D:\Spring\Maven\LocalRepository\org\junit\jupiter\junit-jupiter-api\5.7.2\junit-jupiter-api-5.7.2.jar;D:\Spring\Maven\LocalRepository\org\apiguardian\apiguardian-api\1.1.0\apiguardian-api-1.1.0.jar;D:\Spring\Maven\LocalRepository\org\opentest4j\opentest4j\1.2.0\opentest4j-1.2.0.jar;D:\Spring\Maven\LocalRepository\org\junit\platform\junit-platform-commons\1.7.2\junit-platform-commons-1.7.2.jar;D:\Spring\Maven\LocalRepository\org\junit\jupiter\junit-jupiter-params\5.7.2\junit-jupiter-params-5.7.2.jar;D:\Spring\Maven\LocalRepository\org\junit\jupiter\junit-jupiter-engine\5.7.2\junit-jupiter-engine-5.7.2.jar;D:\Spring\Maven\LocalRepository\org\junit\platform\junit-platform-engine\1.7.2\junit-platform-engine-1.7.2.jar;D:\Spring\Maven\LocalRepository\org\mockito\mockito-core\3.9.0\mockito-core-3.9.0.jar;D:\Spring\Maven\LocalRepository\net\bytebuddy\byte-buddy\1.10.22\byte-buddy-1.10.22.jar;D:\Spring\Maven\LocalRepository\net\bytebuddy\byte-buddy-agent\1.10.22\byte-buddy-agent-1.10.22.jar;D:\Spring\Maven\LocalRepository\org\objenesis\objenesis\3.2\objenesis-3.2.jar;D:\Spring\Maven\LocalRepository\org\mockito\mockito-junit-jupiter\3.9.0\mockito-junit-jupiter-3.9.0.jar;D:\Spring\Maven\LocalRepository\org\skyscreamer\jsonassert\1.5.0\jsonassert-1.5.0.jar;D:\Spring\Maven\LocalRepository\com\vaadin\external\google\android-json\0.0.20131108.vaadin1\android-json-0.0.20131108.vaadin1.jar;D:\Spring\Maven\LocalRepository\org\springframework\spring-core\5.3.10\spring-core-5.3.10.jar;D:\Spring\Maven\LocalRepository\org\springframework\spring-jcl\5.3.10\spring-jcl-5.3.10.jar;D:\Spring\Maven\LocalRepository\org\springframework\spring-test\5.3.10\spring-test-5.3.10.jar;D:\Spring\Maven\LocalRepository\org\xmlunit\xmlunit-core\2.8.2\xmlunit-core-2.8.2.jar;D:\Spring\Maven\LocalRepository\com\baomidou\mybatis-plus-boot-starter\3.3.1\mybatis-plus-boot-starter-3.3.1.jar;D:\Spring\Maven\LocalRepository\com\baomidou\mybatis-plus\3.3.1\mybatis-plus-3.3.1.jar;D:\Spring\Maven\LocalRepository\org\springframework\boot\spring-boot-autoconfigure\2.5.5\spring-boot-autoconfigure-2.5.5.jar;D:\Spring\Maven\LocalRepository\org\springframework\boot\spring-boot-starter-jdbc\2.5.5\spring-boot-starter-jdbc-2.5.5.jar;D:\Spring\Maven\LocalRepository\com\zaxxer\HikariCP\4.0.3\HikariCP-4.0.3.jar;D:\Spring\Maven\LocalRepository\org\springframework\spring-jdbc\5.3.10\spring-jdbc-5.3.10.jar;D:\Spring\Maven\LocalRepository\com\baomidou\mybatis-plus-generator\3.3.1\mybatis-plus-generator-3.3.1.jar;D:\Spring\Maven\LocalRepository\com\baomidou\mybatis-plus-extension\3.3.1\mybatis-plus-extension-3.3.1.jar;D:\Spring\Maven\LocalRepository\com\baomidou\mybatis-plus-core\3.3.1\mybatis-plus-core-3.3.1.jar;D:\Spring\Maven\LocalRepository\com\baomidou\mybatis-plus-annotation\3.3.1\mybatis-plus-annotation-3.3.1.jar;D:\Spring\Maven\LocalRepository\com\github\jsqlparser\jsqlparser\3.1\jsqlparser-3.1.jar;D:\Spring\Maven\LocalRepository\org\mybatis\mybatis\3.5.3\mybatis-3.5.3.jar;D:\Spring\Maven\LocalRepository\org\mybatis\mybatis-spring\2.0.3\mybatis-spring-2.0.3.jar;D:\Spring\Maven\LocalRepository\org\apache\velocity\velocity-engine-core\2.0\velocity-engine-core-2.0.jar;D:\Spring\Maven\LocalRepository\org\slf4j\slf4j-api\1.7.32\slf4j-api-1.7.32.jar;D:\Spring\Maven\LocalRepository\commons-codec\commons-codec\1.15\commons-codec-1.15.jar;D:\Spring\Maven\LocalRepository\org\apache\commons\commons-lang3\3.10\commons-lang3-3.10.jar;D:\Spring\Maven\LocalRepository\org\springframework\boot\spring-boot-starter-validation\2.5.5\spring-boot-starter-validation-2.5.5.jar;D:\Spring\Maven\LocalRepository\org\apache\tomcat\embed\tomcat-embed-el\9.0.53\tomcat-embed-el-9.0.53.jar;D:\Spring\Maven\LocalRepository\org\hibernate\validator\hibernate-validator\6.2.0.Final\hibernate-validator-6.2.0.Final.jar;D:\Spring\Maven\LocalRepository\jakarta\validation\jakarta.validation-api\2.0.2\jakarta.validation-api-2.0.2.jar;D:\Spring\Maven\LocalRepository\org\jboss\logging\jboss-logging\3.4.2.Final\jboss-logging-3.4.2.Final.jar;D:\Spring\Maven\LocalRepository\org\springframework\boot\spring-boot-starter-data-redis\2.5.5\spring-boot-starter-data-redis-2.5.5.jar;D:\Spring\Maven\LocalRepository\org\springframework\data\spring-data-redis\2.5.5\spring-data-redis-2.5.5.jar;D:\Spring\Maven\LocalRepository\org\springframework\data\spring-data-keyvalue\2.5.5\spring-data-keyvalue-2.5.5.jar;D:\Spring\Maven\LocalRepository\org\springframework\data\spring-data-commons\2.5.5\spring-data-commons-2.5.5.jar;D:\Spring\Maven\LocalRepository\org\springframework\spring-tx\5.3.10\spring-tx-5.3.10.jar;D:\Spring\Maven\LocalRepository\org\springframework\spring-oxm\5.3.10\spring-oxm-5.3.10.jar;D:\Spring\Maven\LocalRepository\org\springframework\spring-context-support\5.3.10\spring-context-support-5.3.10.jar;D:\Spring\Maven\LocalRepository\io\lettuce\lettuce-core\6.1.5.RELEASE\lettuce-core-6.1.5.RELEASE.jar;D:\Spring\Maven\LocalRepository\io\netty\netty-common\4.1.68.Final\netty-common-4.1.68.Final.jar;D:\Spring\Maven\LocalRepository\io\netty\netty-handler\4.1.68.Final\netty-handler-4.1.68.Final.jar;D:\Spring\Maven\LocalRepository\io\netty\netty-resolver\4.1.68.Final\netty-resolver-4.1.68.Final.jar;D:\Spring\Maven\LocalRepository\io\netty\netty-buffer\4.1.68.Final\netty-buffer-4.1.68.Final.jar;D:\Spring\Maven\LocalRepository\io\netty\netty-codec\4.1.68.Final\netty-codec-4.1.68.Final.jar;D:\Spring\Maven\LocalRepository\io\netty\netty-transport\4.1.68.Final\netty-transport-4.1.68.Final.jar;D:\Spring\Maven\LocalRepository\io\projectreactor\reactor-core\3.4.10\reactor-core-3.4.10.jar;D:\Spring\Maven\LocalRepository\org\reactivestreams\reactive-streams\1.0.3\reactive-streams-1.0.3.jar;D:\Spring\Maven\LocalRepository\org\apache\commons\commons-pool2\2.9.0\commons-pool2-2.9.0.jar;D:\Spring\Maven\LocalRepository\io\springfox\springfox-swagger2\2.7.0\springfox-swagger2-2.7.0.jar;D:\Spring\Maven\LocalRepository\io\swagger\swagger-annotations\1.5.13\swagger-annotations-1.5.13.jar;D:\Spring\Maven\LocalRepository\io\swagger\swagger-models\1.5.13\swagger-models-1.5.13.jar;D:\Spring\Maven\LocalRepository\com\fasterxml\jackson\core\jackson-annotations\2.12.5\jackson-annotations-2.12.5.jar;D:\Spring\Maven\LocalRepository\io\springfox\springfox-spi\2.7.0\springfox-spi-2.7.0.jar;D:\Spring\Maven\LocalRepository\io\springfox\springfox-core\2.7.0\springfox-core-2.7.0.jar;D:\Spring\Maven\LocalRepository\io\springfox\springfox-schema\2.7.0\springfox-schema-2.7.0.jar;D:\Spring\Maven\LocalRepository\io\springfox\springfox-swagger-common\2.7.0\springfox-swagger-common-2.7.0.jar;D:\Spring\Maven\LocalRepository\io\springfox\springfox-spring-web\2.7.0\springfox-spring-web-2.7.0.jar;D:\Spring\Maven\LocalRepository\org\reflections\reflections\0.9.11\reflections-0.9.11.jar;D:\Spring\Maven\LocalRepository\org\javassist\javassist\3.21.0-GA\javassist-3.21.0-GA.jar;D:\Spring\Maven\LocalRepository\com\google\guava\guava\18.0\guava-18.0.jar;D:\Spring\Maven\LocalRepository\com\fasterxml\classmate\1.5.1\classmate-1.5.1.jar;D:\Spring\Maven\LocalRepository\org\springframework\plugin\spring-plugin-core\1.2.0.RELEASE\spring-plugin-core-1.2.0.RELEASE.jar;D:\Spring\Maven\LocalRepository\org\springframework\plugin\spring-plugin-metadata\1.2.0.RELEASE\spring-plugin-metadata-1.2.0.RELEASE.jar;D:\Spring\Maven\LocalRepository\org\mapstruct\mapstruct\1.1.0.Final\mapstruct-1.1.0.Final.jar;D:\Spring\Maven\LocalRepository\io\springfox\springfox-swagger-ui\2.7.0\springfox-swagger-ui-2.7.0.jar;"/>
    <property name="sun.cpu.endian" value="little"/>
    <property name="user.home" value="C:\Users\Mr.Zhang"/>
    <property name="user.language" value="zh"/>
    <property name="java.specification.vendor" value="Oracle Corporation"/>
    <property name="java.home" value="C:\Program Files\Java\jdk1.8.0_201\jre"/>
    <property name="basedir" value="D:\seckill-demo"/>
    <property name="file.separator" value="\"/>
    <property name="line.separator" value="&#10;"/>
    <property name="java.vm.specification.vendor" value="Oracle Corporation"/>
    <property name="java.specification.name" value="Java Platform API Specification"/>
    <property name="java.awt.graphicsenv" value="sun.awt.Win32GraphicsEnvironment"/>
    <property name="idea.version2020.1.1" value="true"/>
    <property name="surefire.real.class.path" value="C:\Users\MR34D0~1.ZHA\AppData\Local\Temp\surefire4552769544430053314\surefirebooter1409222775600404342.jar"/>
    <property name="sun.boot.class.path" value="C:\Program Files\Java\jdk1.8.0_201\jre\lib\resources.jar;C:\Program Files\Java\jdk1.8.0_201\jre\lib\rt.jar;C:\Program Files\Java\jdk1.8.0_201\jre\lib\sunrsasign.jar;C:\Program Files\Java\jdk1.8.0_201\jre\lib\jsse.jar;C:\Program Files\Java\jdk1.8.0_201\jre\lib\jce.jar;C:\Program Files\Java\jdk1.8.0_201\jre\lib\charsets.jar;C:\Program Files\Java\jdk1.8.0_201\jre\lib\jfr.jar;C:\Program Files\Java\jdk1.8.0_201\jre\classes"/>
    <property name="user.script" value=""/>
    <property name="sun.management.compiler" value="HotSpot 64-Bit Tiered Compilers"/>
    <property name="java.runtime.version" value="1.8.0_201-b09"/>
    <property name="user.name" value="Mr.Zhang"/>
    <property name="path.separator" value=";"/>
    <property name="os.version" value="10.0"/>
    <property name="java.endorsed.dirs" value="C:\Program Files\Java\jdk1.8.0_201\jre\lib\endorsed"/>
    <property name="java.runtime.name" value="Java(TM) SE Runtime Environment"/>
    <property name="file.encoding" value="GBK"/>
    <property name="java.vm.name" value="Java HotSpot(TM) 64-Bit Server VM"/>
    <property name="localRepository" value="D:\Spring\Maven\LocalRepository"/>
    <property name="java.vendor.url.bug" value="http://bugreport.sun.com/bugreport/"/>
    <property name="java.io.tmpdir" value="C:\Users\MR34D0~1.ZHA\AppData\Local\Temp\"/>
    <property name="java.version" value="1.8.0_201"/>
    <property name="user.dir" value="D:\seckill-demo"/>
    <property name="os.arch" value="amd64"/>
    <property name="java.vm.specification.name" value="Java Virtual Machine Specification"/>
    <property name="java.awt.printerjob" value="sun.awt.windows.WPrinterJob"/>
    <property name="sun.os.patch.level" value=""/>
    <property name="java.library.path" value="C:\Program Files\Java\jdk1.8.0_201\jre\bin;C:\WINDOWS\Sun\Java\bin;C:\WINDOWS\system32;C:\WINDOWS;C:\Program Files\Java\jdk1.8.0_201\bin;F:\hadoop-2.7.7\bin;C:\Program Files (x86)\Intel\iCLS Client\;C:\Program Files\Intel\iCLS Client\;C:\windows\system32;C:\windows;C:\windows\System32\Wbem;C:\windows\System32\WindowsPowerShell\v1.0\;C:\Program Files (x86)\Intel\Intel(R) Management Engine Components\DAL;C:\Program Files\Intel\Intel(R) Management Engine Components\DAL;C:\Program Files (x86)\Intel\Intel(R) Management Engine Components\IPT;C:\Program Files\Intel\Intel(R) Management Engine Components\IPT;C:\Program Files (x86)\NVIDIA Corporation\PhysX\Common;C:\WINDOWS\system32;C:\WINDOWS;C:\WINDOWS\System32\Wbem;C:\WINDOWS\System32\WindowsPowerShell\v1.0\;C:\WINDOWS\System32\OpenSSH\;C:\Program Files\dotnet\;C:\Program Files\Intel\WiFi\bin\;C:\Program Files\Common Files\Intel\WirelessCommon\;D:\anacoda;D:\anacoda\Scripts;D:\anacoda\Library\bin;C:\Program Files\MySQL\MySQL Server 8.0\bin\;D:\Spring\apache-maven-3.6.3\bin;C:\Program Files\NVIDIA Corporation\NVIDIA NvDLISR;D:\git\Git\cmd;C:\ProgramData\Microsoft\Windows\Start Menu\Programs\Node.js;D:\node\;D:\xshell\;D:\xftp\;C:\Users\Mr.Zhang\AppData\Local\Android\Sdk\platform-tools;;C:\WINDOWS\system32;C:\WINDOWS;C:\WINDOWS\System32\Wbem;C:\WINDOWS\System32\WindowsPowerShell\v1.0\;C:\WINDOWS\System32\OpenSSH\;C:\Program Files\Go\bin;D:\python\Scripts\;D:\python\;C:\Users\Mr.Zhang\AppData\Local\Microsoft\WindowsApps;F:\New Folder\node_global;C:\Program Files\MySQL\MySQL Server 8.0\bin\mysqld.exe;C:\Users\Mr.Zhang\AppData\Roaming\npm;C:\Users\Mr.Zhang\go\bin;."/>
    <property name="java.vm.info" value="mixed mode"/>
    <property name="java.vendor" value="Oracle Corporation"/>
    <property name="java.vm.version" value="25.201-b09"/>
    <property name="java.ext.dirs" value="C:\Program Files\Java\jdk1.8.0_201\jre\lib\ext;C:\WINDOWS\Sun\Java\lib\ext"/>
    <property name="sun.io.unicode.encoding" value="UnicodeLittle"/>
    <property name="maven.repo.local" value="D:\Spring\Maven\LocalRepository"/>
    <property name="java.class.version" value="52.0"/>
  </properties>
  <testcase name="contextLoads" classname="com.camille.seckill.SeckillDemoApplicationTests" time="1.33"/>
</testsuite>